<?xml version="1.0" encoding="UTF-8"?>
<testng-results total="1" passed="1" failed="0" skipped="0">
  <reporter-output>
  </reporter-output>
  <suite started-at="2021-07-15T06:37:34Z" name="javapoint" finished-at="2021-07-15T06:37:59Z" duration-ms="25121">
    <groups>
    </groups>
    <test started-at="2021-07-15T06:37:34Z" name="chrome Test" finished-at="2021-07-15T06:37:59Z" duration-ms="25121">
      <class name="testPackage.remote">
        <test-method signature="check()[pri:0, instance:testPackage.remote@6986852]" started-at="2021-07-15T12:07:34Z" name="check" finished-at="2021-07-15T12:07:59Z" duration-ms="25108" status="PASS">
          <reporter-output>
          </reporter-output>
        </test-method> <!-- check -->
      </class> <!-- testPackage.remote -->
    </test> <!-- chrome Test -->
  </suite> <!-- javapoint -->
</testng-results>
