<?xml version="1.0" encoding="UTF-8"?>
<testng-results ignored="0" total="1" passed="1" failed="0" skipped="0">
  <reporter-output>
  </reporter-output>
  <suite started-at="2021-07-15T12:06:52 IST" name="Default suite" finished-at="2021-07-15T12:07:18 IST" duration-ms="25626">
    <groups>
    </groups>
    <test started-at="2021-07-15T12:06:52 IST" name="Default test" finished-at="2021-07-15T12:07:18 IST" duration-ms="25626">
      <class name="testPackage.remote">
        <test-method signature="check()[pri:0, instance:testPackage.remote@101952da]" started-at="2021-07-15T12:06:53 IST" name="check" finished-at="2021-07-15T12:07:18 IST" duration-ms="25459" status="PASS">
          <reporter-output>
          </reporter-output>
        </test-method> <!-- check -->
      </class> <!-- testPackage.remote -->
    </test> <!-- Default test -->
  </suite> <!-- Default suite -->
</testng-results>
